[     211ms] [ERROR] Failed to load resource: the server responded with a status of 403 () @ https://www.lacentrale.fr/auto-occasion-annonce-87103422544.html:0
[    3813ms] [WARNING] [user-management]: authentication error  t: No authenticated access-token
    at e.<anonymous> (https://www.lacentrale.fr/static/fragment-lc-mozart-commons/cbm-user-management.945e4770c284620a4590.js:2:25063)
    at Generator.<anonymous> (https://www.lacentrale.fr/static/fragment-lc-mozart-commons/cbm-user-management.945e4770c284620a4590.js:2:20862)
    at Generator.next (https://www.lacentrale.fr/static/fragment-lc-mozart-commons/cbm-user-management.945e4770c284620a4590.js:2:21712)
    at t (https://www.lacentrale.fr/static/fragment-lc-mozart-commons/cbm-user-management.945e4770c284620a4590.js:2:26899)
    at s (https://www.lacentrale.fr/static/fragment-lc-mozart-commons/cbm-user-management.945e4770c284620a4590.js:2:27110) @ https://www.lacentrale.fr/static/fragment-sentry/lc-sentry.js:0
[    3813ms] [WARNING] [user-management]: authentication error  t: No authenticated access-token
    at e.<anonymous> (https://www.lacentrale.fr/static/fragment-lc-mozart-commons/cbm-user-management.945e4770c284620a4590.js:2:25063)
    at Generator.<anonymous> (https://www.lacentrale.fr/static/fragment-lc-mozart-commons/cbm-user-management.945e4770c284620a4590.js:2:20862)
    at Generator.next (https://www.lacentrale.fr/static/fragment-lc-mozart-commons/cbm-user-management.945e4770c284620a4590.js:2:21712)
    at t (https://www.lacentrale.fr/static/fragment-lc-mozart-commons/cbm-user-management.945e4770c284620a4590.js:2:26899)
    at s (https://www.lacentrale.fr/static/fragment-lc-mozart-commons/cbm-user-management.945e4770c284620a4590.js:2:27110) @ https://www.lacentrale.fr/static/fragment-sentry/lc-sentry.js:0
[    3977ms] [WARNING] seller-contact:open:modal => missing data to open the modal. classifiedRef: undefined, customerType: undefined, make: undefined, model: undefined, vertical: undefined @ https://www.lacentrale.fr/static/fragment-sentry/lc-sentry.js:0
[    4116ms] Error: Minified React error #418; visit https://reactjs.org/docs/error-decoder.html?invariant=418 for the full message or use the non-minified dev environment for full errors and additional helpful warnings.
    at Ia (https://www.lacentrale.fr/static/fragment-lc-mozart-commons/react-dom.6ce46ca18bd9b8b42f06.js:2:54624)
    at wi (https://www.lacentrale.fr/static/fragment-lc-mozart-commons/react-dom.6ce46ca18bd9b8b42f06.js:2:121584)
    at bs (https://www.lacentrale.fr/static/fragment-lc-mozart-commons/react-dom.6ce46ca18bd9b8b42f06.js:2:109030)
    at vs (https://www.lacentrale.fr/static/fragment-lc-mozart-commons/react-dom.6ce46ca18bd9b8b42f06.js:2:108958)
    at gs (https://www.lacentrale.fr/static/fragment-lc-mozart-commons/react-dom.6ce46ca18bd9b8b42f06.js:2:108821)
    at ls (https://www.lacentrale.fr/static/fragment-lc-mozart-commons/react-dom.6ce46ca18bd9b8b42f06.js:2:103957)
    at S (https://www.lacentrale.fr/static/fragment-lc-mozart-commons/react-dom.6ce46ca18bd9b8b42f06.js:2:130816)
    at MessagePort.T (https://www.lacentrale.fr/static/fragment-lc-mozart-commons/react-dom.6ce46ca18bd9b8b42f06.js:2:131348)
[    4117ms] Error: Minified React error #418; visit https://reactjs.org/docs/error-decoder.html?invariant=418 for the full message or use the non-minified dev environment for full errors and additional helpful warnings.
    at Ia (https://www.lacentrale.fr/static/fragment-lc-mozart-commons/react-dom.6ce46ca18bd9b8b42f06.js:2:54624)
    at wi (https://www.lacentrale.fr/static/fragment-lc-mozart-commons/react-dom.6ce46ca18bd9b8b42f06.js:2:121584)
    at bs (https://www.lacentrale.fr/static/fragment-lc-mozart-commons/react-dom.6ce46ca18bd9b8b42f06.js:2:109030)
    at vs (https://www.lacentrale.fr/static/fragment-lc-mozart-commons/react-dom.6ce46ca18bd9b8b42f06.js:2:108958)
    at gs (https://www.lacentrale.fr/static/fragment-lc-mozart-commons/react-dom.6ce46ca18bd9b8b42f06.js:2:108821)
    at ls (https://www.lacentrale.fr/static/fragment-lc-mozart-commons/react-dom.6ce46ca18bd9b8b42f06.js:2:103957)
    at S (https://www.lacentrale.fr/static/fragment-lc-mozart-commons/react-dom.6ce46ca18bd9b8b42f06.js:2:130816)
    at MessagePort.T (https://www.lacentrale.fr/static/fragment-lc-mozart-commons/react-dom.6ce46ca18bd9b8b42f06.js:2:131348)
[    4117ms] Error: Minified React error #418; visit https://reactjs.org/docs/error-decoder.html?invariant=418 for the full message or use the non-minified dev environment for full errors and additional helpful warnings.
    at Ia (https://www.lacentrale.fr/static/fragment-lc-mozart-commons/react-dom.6ce46ca18bd9b8b42f06.js:2:54624)
    at wi (https://www.lacentrale.fr/static/fragment-lc-mozart-commons/react-dom.6ce46ca18bd9b8b42f06.js:2:121584)
    at bs (https://www.lacentrale.fr/static/fragment-lc-mozart-commons/react-dom.6ce46ca18bd9b8b42f06.js:2:109030)
    at vs (https://www.lacentrale.fr/static/fragment-lc-mozart-commons/react-dom.6ce46ca18bd9b8b42f06.js:2:108958)
    at gs (https://www.lacentrale.fr/static/fragment-lc-mozart-commons/react-dom.6ce46ca18bd9b8b42f06.js:2:108821)
    at ls (https://www.lacentrale.fr/static/fragment-lc-mozart-commons/react-dom.6ce46ca18bd9b8b42f06.js:2:103957)
    at S (https://www.lacentrale.fr/static/fragment-lc-mozart-commons/react-dom.6ce46ca18bd9b8b42f06.js:2:130816)
    at MessagePort.T (https://www.lacentrale.fr/static/fragment-lc-mozart-commons/react-dom.6ce46ca18bd9b8b42f06.js:2:131348)
[    4117ms] Error: Minified React error #418; visit https://reactjs.org/docs/error-decoder.html?invariant=418 for the full message or use the non-minified dev environment for full errors and additional helpful warnings.
    at Ia (https://www.lacentrale.fr/static/fragment-lc-mozart-commons/react-dom.6ce46ca18bd9b8b42f06.js:2:54624)
    at wi (https://www.lacentrale.fr/static/fragment-lc-mozart-commons/react-dom.6ce46ca18bd9b8b42f06.js:2:121584)
    at bs (https://www.lacentrale.fr/static/fragment-lc-mozart-commons/react-dom.6ce46ca18bd9b8b42f06.js:2:109030)
    at vs (https://www.lacentrale.fr/static/fragment-lc-mozart-commons/react-dom.6ce46ca18bd9b8b42f06.js:2:108958)
    at gs (https://www.lacentrale.fr/static/fragment-lc-mozart-commons/react-dom.6ce46ca18bd9b8b42f06.js:2:108821)
    at ls (https://www.lacentrale.fr/static/fragment-lc-mozart-commons/react-dom.6ce46ca18bd9b8b42f06.js:2:103957)
    at S (https://www.lacentrale.fr/static/fragment-lc-mozart-commons/react-dom.6ce46ca18bd9b8b42f06.js:2:130816)
    at MessagePort.T (https://www.lacentrale.fr/static/fragment-lc-mozart-commons/react-dom.6ce46ca18bd9b8b42f06.js:2:131348)
[    4117ms] Error: Minified React error #418; visit https://reactjs.org/docs/error-decoder.html?invariant=418 for the full message or use the non-minified dev environment for full errors and additional helpful warnings.
    at Ia (https://www.lacentrale.fr/static/fragment-lc-mozart-commons/react-dom.6ce46ca18bd9b8b42f06.js:2:54624)
    at wi (https://www.lacentrale.fr/static/fragment-lc-mozart-commons/react-dom.6ce46ca18bd9b8b42f06.js:2:121584)
    at bs (https://www.lacentrale.fr/static/fragment-lc-mozart-commons/react-dom.6ce46ca18bd9b8b42f06.js:2:109030)
    at vs (https://www.lacentrale.fr/static/fragment-lc-mozart-commons/react-dom.6ce46ca18bd9b8b42f06.js:2:108958)
    at gs (https://www.lacentrale.fr/static/fragment-lc-mozart-commons/react-dom.6ce46ca18bd9b8b42f06.js:2:108821)
    at ls (https://www.lacentrale.fr/static/fragment-lc-mozart-commons/react-dom.6ce46ca18bd9b8b42f06.js:2:103957)
    at S (https://www.lacentrale.fr/static/fragment-lc-mozart-commons/react-dom.6ce46ca18bd9b8b42f06.js:2:130816)
    at MessagePort.T (https://www.lacentrale.fr/static/fragment-lc-mozart-commons/react-dom.6ce46ca18bd9b8b42f06.js:2:131348)
[    4118ms] Error: Minified React error #418; visit https://reactjs.org/docs/error-decoder.html?invariant=418 for the full message or use the non-minified dev environment for full errors and additional helpful warnings.
    at Ia (https://www.lacentrale.fr/static/fragment-lc-mozart-commons/react-dom.6ce46ca18bd9b8b42f06.js:2:54624)
    at wi (https://www.lacentrale.fr/static/fragment-lc-mozart-commons/react-dom.6ce46ca18bd9b8b42f06.js:2:121584)
    at bs (https://www.lacentrale.fr/static/fragment-lc-mozart-commons/react-dom.6ce46ca18bd9b8b42f06.js:2:109030)
    at vs (https://www.lacentrale.fr/static/fragment-lc-mozart-commons/react-dom.6ce46ca18bd9b8b42f06.js:2:108958)
    at gs (https://www.lacentrale.fr/static/fragment-lc-mozart-commons/react-dom.6ce46ca18bd9b8b42f06.js:2:108821)
    at ls (https://www.lacentrale.fr/static/fragment-lc-mozart-commons/react-dom.6ce46ca18bd9b8b42f06.js:2:103957)
    at S (https://www.lacentrale.fr/static/fragment-lc-mozart-commons/react-dom.6ce46ca18bd9b8b42f06.js:2:130816)
    at MessagePort.T (https://www.lacentrale.fr/static/fragment-lc-mozart-commons/react-dom.6ce46ca18bd9b8b42f06.js:2:131348)
[    4118ms] Error: Minified React error #418; visit https://reactjs.org/docs/error-decoder.html?invariant=418 for the full message or use the non-minified dev environment for full errors and additional helpful warnings.
    at Ia (https://www.lacentrale.fr/static/fragment-lc-mozart-commons/react-dom.6ce46ca18bd9b8b42f06.js:2:54624)
    at wi (https://www.lacentrale.fr/static/fragment-lc-mozart-commons/react-dom.6ce46ca18bd9b8b42f06.js:2:121584)
    at bs (https://www.lacentrale.fr/static/fragment-lc-mozart-commons/react-dom.6ce46ca18bd9b8b42f06.js:2:109030)
    at vs (https://www.lacentrale.fr/static/fragment-lc-mozart-commons/react-dom.6ce46ca18bd9b8b42f06.js:2:108958)
    at gs (https://www.lacentrale.fr/static/fragment-lc-mozart-commons/react-dom.6ce46ca18bd9b8b42f06.js:2:108821)
    at ls (https://www.lacentrale.fr/static/fragment-lc-mozart-commons/react-dom.6ce46ca18bd9b8b42f06.js:2:103957)
    at S (https://www.lacentrale.fr/static/fragment-lc-mozart-commons/react-dom.6ce46ca18bd9b8b42f06.js:2:130816)
    at MessagePort.T (https://www.lacentrale.fr/static/fragment-lc-mozart-commons/react-dom.6ce46ca18bd9b8b42f06.js:2:131348)
[    4118ms] Error: Minified React error #418; visit https://reactjs.org/docs/error-decoder.html?invariant=418 for the full message or use the non-minified dev environment for full errors and additional helpful warnings.
    at Ia (https://www.lacentrale.fr/static/fragment-lc-mozart-commons/react-dom.6ce46ca18bd9b8b42f06.js:2:54624)
    at wi (https://www.lacentrale.fr/static/fragment-lc-mozart-commons/react-dom.6ce46ca18bd9b8b42f06.js:2:121584)
    at bs (https://www.lacentrale.fr/static/fragment-lc-mozart-commons/react-dom.6ce46ca18bd9b8b42f06.js:2:109030)
    at vs (https://www.lacentrale.fr/static/fragment-lc-mozart-commons/react-dom.6ce46ca18bd9b8b42f06.js:2:108958)
    at gs (https://www.lacentrale.fr/static/fragment-lc-mozart-commons/react-dom.6ce46ca18bd9b8b42f06.js:2:108821)
    at ls (https://www.lacentrale.fr/static/fragment-lc-mozart-commons/react-dom.6ce46ca18bd9b8b42f06.js:2:103957)
    at S (https://www.lacentrale.fr/static/fragment-lc-mozart-commons/react-dom.6ce46ca18bd9b8b42f06.js:2:130816)
    at MessagePort.T (https://www.lacentrale.fr/static/fragment-lc-mozart-commons/react-dom.6ce46ca18bd9b8b42f06.js:2:131348)
[    4119ms] Error: Minified React error #418; visit https://reactjs.org/docs/error-decoder.html?invariant=418 for the full message or use the non-minified dev environment for full errors and additional helpful warnings.
    at Ia (https://www.lacentrale.fr/static/fragment-lc-mozart-commons/react-dom.6ce46ca18bd9b8b42f06.js:2:54624)
    at wi (https://www.lacentrale.fr/static/fragment-lc-mozart-commons/react-dom.6ce46ca18bd9b8b42f06.js:2:121584)
    at bs (https://www.lacentrale.fr/static/fragment-lc-mozart-commons/react-dom.6ce46ca18bd9b8b42f06.js:2:109030)
    at vs (https://www.lacentrale.fr/static/fragment-lc-mozart-commons/react-dom.6ce46ca18bd9b8b42f06.js:2:108958)
    at gs (https://www.lacentrale.fr/static/fragment-lc-mozart-commons/react-dom.6ce46ca18bd9b8b42f06.js:2:108821)
    at ls (https://www.lacentrale.fr/static/fragment-lc-mozart-commons/react-dom.6ce46ca18bd9b8b42f06.js:2:103957)
    at S (https://www.lacentrale.fr/static/fragment-lc-mozart-commons/react-dom.6ce46ca18bd9b8b42f06.js:2:130816)
    at MessagePort.T (https://www.lacentrale.fr/static/fragment-lc-mozart-commons/react-dom.6ce46ca18bd9b8b42f06.js:2:131348)
[    4119ms] Error: Minified React error #418; visit https://reactjs.org/docs/error-decoder.html?invariant=418 for the full message or use the non-minified dev environment for full errors and additional helpful warnings.
    at Ia (https://www.lacentrale.fr/static/fragment-lc-mozart-commons/react-dom.6ce46ca18bd9b8b42f06.js:2:54624)
    at wi (https://www.lacentrale.fr/static/fragment-lc-mozart-commons/react-dom.6ce46ca18bd9b8b42f06.js:2:121584)
    at bs (https://www.lacentrale.fr/static/fragment-lc-mozart-commons/react-dom.6ce46ca18bd9b8b42f06.js:2:109030)
    at vs (https://www.lacentrale.fr/static/fragment-lc-mozart-commons/react-dom.6ce46ca18bd9b8b42f06.js:2:108958)
    at gs (https://www.lacentrale.fr/static/fragment-lc-mozart-commons/react-dom.6ce46ca18bd9b8b42f06.js:2:108821)
    at ls (https://www.lacentrale.fr/static/fragment-lc-mozart-commons/react-dom.6ce46ca18bd9b8b42f06.js:2:103957)
    at S (https://www.lacentrale.fr/static/fragment-lc-mozart-commons/react-dom.6ce46ca18bd9b8b42f06.js:2:130816)
    at MessagePort.T (https://www.lacentrale.fr/static/fragment-lc-mozart-commons/react-dom.6ce46ca18bd9b8b42f06.js:2:131348)
[    4119ms] Error: Minified React error #418; visit https://reactjs.org/docs/error-decoder.html?invariant=418 for the full message or use the non-minified dev environment for full errors and additional helpful warnings.
    at Ia (https://www.lacentrale.fr/static/fragment-lc-mozart-commons/react-dom.6ce46ca18bd9b8b42f06.js:2:54624)
    at wi (https://www.lacentrale.fr/static/fragment-lc-mozart-commons/react-dom.6ce46ca18bd9b8b42f06.js:2:121584)
    at bs (https://www.lacentrale.fr/static/fragment-lc-mozart-commons/react-dom.6ce46ca18bd9b8b42f06.js:2:109030)
    at vs (https://www.lacentrale.fr/static/fragment-lc-mozart-commons/react-dom.6ce46ca18bd9b8b42f06.js:2:108958)
    at gs (https://www.lacentrale.fr/static/fragment-lc-mozart-commons/react-dom.6ce46ca18bd9b8b42f06.js:2:108821)
    at ls (https://www.lacentrale.fr/static/fragment-lc-mozart-commons/react-dom.6ce46ca18bd9b8b42f06.js:2:103957)
    at S (https://www.lacentrale.fr/static/fragment-lc-mozart-commons/react-dom.6ce46ca18bd9b8b42f06.js:2:130816)
    at MessagePort.T (https://www.lacentrale.fr/static/fragment-lc-mozart-commons/react-dom.6ce46ca18bd9b8b42f06.js:2:131348)
[    4120ms] Error: Minified React error #423; visit https://reactjs.org/docs/error-decoder.html?invariant=423 for the full message or use the non-minified dev environment for full errors and additional helpful warnings.
    at wi (https://www.lacentrale.fr/static/fragment-lc-mozart-commons/react-dom.6ce46ca18bd9b8b42f06.js:2:121279)
    at bs (https://www.lacentrale.fr/static/fragment-lc-mozart-commons/react-dom.6ce46ca18bd9b8b42f06.js:2:109030)
    at vs (https://www.lacentrale.fr/static/fragment-lc-mozart-commons/react-dom.6ce46ca18bd9b8b42f06.js:2:108958)
    at gs (https://www.lacentrale.fr/static/fragment-lc-mozart-commons/react-dom.6ce46ca18bd9b8b42f06.js:2:108821)
    at as (https://www.lacentrale.fr/static/fragment-lc-mozart-commons/react-dom.6ce46ca18bd9b8b42f06.js:2:105632)
    at ls (https://www.lacentrale.fr/static/fragment-lc-mozart-commons/react-dom.6ce46ca18bd9b8b42f06.js:2:104184)
    at S (https://www.lacentrale.fr/static/fragment-lc-mozart-commons/react-dom.6ce46ca18bd9b8b42f06.js:2:130816)
    at MessagePort.T (https://www.lacentrale.fr/static/fragment-lc-mozart-commons/react-dom.6ce46ca18bd9b8b42f06.js:2:131348)
[    4138ms] [WARNING] seller-contact:open:modal => missing data to open the modal @ https://www.lacentrale.fr/static/fragment-sentry/lc-sentry.js:0
[    4248ms] [WARNING] [Utiq]: Consent was granted, but service eligibility check failed for current connection type. Service will not be loaded. @ https://www.lacentrale.fr/static/fragment-sentry/lc-sentry.js:0
[    4816ms] [ERROR] Attestation check for Attribution Reporting on https://www.facebook.com failed. @ https://www.lacentrale.fr/auto-occasion-annonce-87103422544.html:0
[    5017ms] [WARNING] [GSI_LOGGER]: Your client application uses one of the Google One Tap prompt UI status methods that may stop functioning when FedCM becomes mandatory. Refer to the migration guide to update your code accordingly and opt-in to FedCM to test your changes. Learn more: https://developers.google.com/identity/gsi/web/guides/fedcm-migration?s=dc#display_moment and https://developers.google.com/identity/gsi/web/guides/fedcm-migration?s=dc#skipped_moment @ https://www.lacentrale.fr/static/fragment-sentry/lc-sentry.js:0
[    5027ms] [ERROR] Not signed in with the identity provider. @ https://www.lacentrale.fr/auto-occasion-annonce-87103422544.html:0
[    5925ms] [ERROR] [GSI_LOGGER]: FedCM get() rejects with NetworkError: Error retrieving a token. @ https://www.lacentrale.fr/static/fragment-sentry/lc-sentry.js:0
[    6837ms] [WARNING] Google Deploy of the SharedId library has been deprecated. Please select another option in the GAM UI. If you use Prebid, we suggest the Prebid.js UserId option. If you do not, you may configure GAM to allow Google to share a first party user identifier with OB and AB participants, which is either the publisherProvidedId or the __gads value when that is missing. @ https://cdn.jsdelivr.net/gh/prebid/shared-id/pubcid.js/docs/pubcid.min.js:0
[    7550ms] [ERROR] Attestation check for Attribution Reporting on https://ad.doubleclick.net failed. @ https://www.lacentrale.fr/auto-occasion-annonce-87103422544.html:0
[    7581ms] [ERROR] Attestation check for Attribution Reporting on https://ad.doubleclick.net failed. @ https://www.lacentrale.fr/auto-occasion-annonce-87103422544.html:0
[    7585ms] [ERROR] Attestation check for Shared Storage on https://www.googleadservices.com failed. @ https://www.googleadservices.com/pagead/managed/js/activeview/current/reach_worklet.html:0
[    7585ms] [ERROR] Attestation check for Shared Storage on https://www.googleadservices.com failed. @ https://www.googleadservices.com/pagead/managed/js/activeview/current/reach_worklet.html:0
[    7613ms] [ERROR] Attestation check for Shared Storage on https://www.googleadservices.com failed. @ https://www.googleadservices.com/pagead/managed/js/activeview/current/reach_worklet.html:0
