[     234ms] [ERROR] Failed to load resource: the server responded with a status of 403 () @ https://www.autoscout24.ch/fr/d/audi-q5-sportback-40-tdi-s-line-quattro-ahk-4x4-20201676:0
[    1399ms] [ERROR] Failed to load resource: the server responded with a status of 401 () @ https://challenges.cloudflare.com/cdn-cgi/challenge-platform/h/g/pat/9d2dd2d21aa22373/1771924160608/005a76635e93e082fd44c3f2cca0d836bae6dea456c961cf3d43b55b17e3dcea/H_u0t5MSXgxB6ni:0
[    1481ms] [ERROR]  Note that 'script-src' was not explicitly set, so 'default-src' is used as a fallback. @ https://challenges.cloudflare.com/cdn-cgi/challenge-platform/h/g/turnstile/f/ov2/av0/rch/ln6jm/0x4AAAAAAADnPIDROrmt1Wwj/light/fbE/new/normal?lang=auto:0
[    1610ms] [ERROR] %c%d font-size:0;color:transparent NaN @ https://challenges.cloudflare.com/cdn-cgi/challenge-platform/h/g/turnstile/f/ov2/av0/rch/ln6jm/0x4AAAAAAADnPIDROrmt1Wwj/light/fbE/new/normal?lang=auto:0
[    1610ms] [ERROR] %c%d font-size:0;color:transparent NaN @ https://challenges.cloudflare.com/cdn-cgi/challenge-platform/h/g/turnstile/f/ov2/av0/rch/ln6jm/0x4AAAAAAADnPIDROrmt1Wwj/light/fbE/new/normal?lang=auto:0
[    1612ms] [WARNING] %c%d font-size:0;color:transparent NaN @ https://challenges.cloudflare.com/cdn-cgi/challenge-platform/h/g/turnstile/f/ov2/av0/rch/ln6jm/0x4AAAAAAADnPIDROrmt1Wwj/light/fbE/new/normal?lang=auto:0
[    1612ms] [WARNING] %c%d font-size:0;color:transparent NaN @ https://challenges.cloudflare.com/cdn-cgi/challenge-platform/h/g/turnstile/f/ov2/av0/rch/ln6jm/0x4AAAAAAADnPIDROrmt1Wwj/light/fbE/new/normal?lang=auto:0
[    4814ms] [WARNING] The resource https://challenges.cloudflare.com/cdn-cgi/challenge-platform/h/g/cmg/1 was preloaded using link preload but not used within a few seconds from the window's load event. Please make sure it has an appropriate `as` value and it is preloaded intentionally. @ https://challenges.cloudflare.com/cdn-cgi/challenge-platform/h/g/turnstile/f/ov2/av0/rch/ln6jm/0x4AAAAAAADnPIDROrmt1Wwj/light/fbE/new/normal?lang=auto:0
[   68154ms] [ERROR] Failed to load resource: the server responded with a status of 403 () @ https://www.autoscout24.ch/fr/d/audi-q5-sportback-40-tdi-s-line-quattro-ahk-4x4-20201676:0
[   69065ms] [ERROR] Failed to load resource: the server responded with a status of 401 () @ https://challenges.cloudflare.com/cdn-cgi/challenge-platform/h/g/pat/9d2dd47ab9eedc8b/1771924228536/4f670c0cd4ef8e87548566fc4f829a0095cff269373a629a96a444e393ffca31/VVjrfsFdiglpVFs:0
[   69114ms] [ERROR] %c%d font-size:0;color:transparent NaN @ https://challenges.cloudflare.com/cdn-cgi/challenge-platform/h/g/turnstile/f/ov2/av0/rch/bys3v/0x4AAAAAAADnPIDROrmt1Wwj/light/fbE/new/normal?lang=auto:0
[   69114ms] [ERROR] %c%d font-size:0;color:transparent NaN @ https://challenges.cloudflare.com/cdn-cgi/challenge-platform/h/g/turnstile/f/ov2/av0/rch/bys3v/0x4AAAAAAADnPIDROrmt1Wwj/light/fbE/new/normal?lang=auto:0
[   69115ms] [WARNING] %c%d font-size:0;color:transparent NaN @ https://challenges.cloudflare.com/cdn-cgi/challenge-platform/h/g/turnstile/f/ov2/av0/rch/bys3v/0x4AAAAAAADnPIDROrmt1Wwj/light/fbE/new/normal?lang=auto:0
[   69115ms] [WARNING] %c%d font-size:0;color:transparent NaN @ https://challenges.cloudflare.com/cdn-cgi/challenge-platform/h/g/turnstile/f/ov2/av0/rch/bys3v/0x4AAAAAAADnPIDROrmt1Wwj/light/fbE/new/normal?lang=auto:0
[   69194ms] [ERROR]  Note that 'script-src' was not explicitly set, so 'default-src' is used as a fallback. @ https://challenges.cloudflare.com/cdn-cgi/challenge-platform/h/g/turnstile/f/ov2/av0/rch/bys3v/0x4AAAAAAADnPIDROrmt1Wwj/light/fbE/new/normal?lang=auto:0
[   73621ms] [ERROR] Failed to load resource: net::ERR_CERT_COMMON_NAME_INVALID @ https://sync.targeting.unrulymedia.com/csync/RX-e51c177d-53bf-4d46-bacd-53e2f57c961f-003?redir=https%3A%2F%2Fsimage2.pubmatic.com%2FAdServer%2FPug%3Fvcode%3Dbz0yJnR5cGU9MSZjb2RlPTMyMDMmdGw9NDMyMDA%3D%26piggybackCookie%3DRX-e51c177d-53bf-4d46-bacd-53e2f57c961f-003%26gdpr%3D1%26gdpr_consent%3DCQgIJdgQgIJdgAcABBFRCTFsAP_gAEPgAAQ4MBtR_G__bWFr-Tb3aftkeYxP99hj6sQhBgaBk2QFyDuS7JQWx2ExFAyKpiICARIAi3RBIQNlHABERUCgCIgFJQDMYESUwBEKIABkiEERAkpICAwOiIkBWQCI4Pp_tlU1mBqN7ZLsWMzgy4gHj3a5y2QBEJCQAYMNDPh4YBKS85IEd-x4qwtwsELhAGuOCRnfgGshoBcqYlMZZBEQt-Tyff7Pn__rl_e7X_ve_n3zv84XH77v____fv-7___2b_-___aDAQAJhoVEERZEAAQCBhBAgAUFYQAUCAIAAEgaIAAEgYEOQEAFVhMgBACgAGAAEAAIMAAQAACQAIRABAAACAACAQKAAEAAAICABAYAAgAUIAAAAIDoCIAEEAgWACRCVQaYEoACQQAlhAgEAQIK4QgEngAACIkAgAABAAKAAAAOCwEJJASsACALCCYAAAgAAAiBAgBSBGAIKAyQYAECTgMjTAMHzBMkp0GQBMEJGQZEJvwmHimKIUEOUGxSzAHTxBQAi7AA.f_wACHwAAAAA.IMBtR_G__bXFv-Tb3aftkeYxf99hj6sQhBgaBs2QFyDuS7JQW12EzFEyKpiYCARIAi3RBIQNtHAhERUCgCIgFJRDsYESUwBkKIEBkiGERQkpICAwOiIkBWQCJ4Pp_t1V9mTqN7ZLuWMzgy5gnr3a5y-QBEJiQCYMNHPh4YBKS87IU9-x66wtwsMLhAGuOCRnfkGsloFcq4tPZZhEQt-Tyff7____73_e7X__e__33_-_Xf_7_____________f_____-:0
[  127401ms] [ERROR] Failed to load resource: net::ERR_CERT_COMMON_NAME_INVALID @ https://sync.targeting.unrulymedia.com/csync/RX-e51c177d-53bf-4d46-bacd-53e2f57c961f-003:0
[  129248ms] [ERROR] Failed to load resource: net::ERR_CERT_COMMON_NAME_INVALID @ https://sync.targeting.unrulymedia.com/csync/RX-e51c177d-53bf-4d46-bacd-53e2f57c961f-003:0
[  131159ms] [ERROR] Failed to load resource: net::ERR_CERT_COMMON_NAME_INVALID @ https://sync.targeting.unrulymedia.com/csync/RX-e51c177d-53bf-4d46-bacd-53e2f57c961f-003:0
[  131487ms] [ERROR] Failed to load resource: the server responded with a status of 400 () @ https://ib.adnxs.com/prebid/setuid?bidder=connectad&gdpr=0&gdpr_consent=&f=i&uid=b6c43ccd-d101-477c-8198-2c818e06d335:0
[  131487ms] [ERROR] Failed to load resource: the server responded with a status of 400 () @ https://ib.adnxs.com/prebid/setuid?bidder=connectad&gdpr=0&gdpr_consent=&f=i&uid=b6c43ccd-d101-477c-8198-2c818e06d335:0
[  131490ms] [ERROR] Failed to load resource: the server responded with a status of 400 () @ https://ib.adnxs.com/prebid/setuid?bidder=connectad&gdpr=0&gdpr_consent=&f=i&uid=82d70063-2ef5-4972-a6c7-4c3d4302583f:0
[  131487ms] [ERROR] Failed to load resource: the server responded with a status of 400 () @ https://ib.adnxs.com/prebid/setuid?bidder=connectad&gdpr=0&gdpr_consent=&f=i&uid=b6c43ccd-d101-477c-8198-2c818e06d335:0
[  131490ms] [ERROR] Failed to load resource: the server responded with a status of 400 () @ https://ib.adnxs.com/prebid/setuid?bidder=connectad&gdpr=0&gdpr_consent=&f=i&uid=82d70063-2ef5-4972-a6c7-4c3d4302583f:0
[  131487ms] [ERROR] Failed to load resource: the server responded with a status of 400 () @ https://ib.adnxs.com/prebid/setuid?bidder=connectad&gdpr=0&gdpr_consent=&f=i&uid=b6c43ccd-d101-477c-8198-2c818e06d335:0
[  131490ms] [ERROR] Failed to load resource: the server responded with a status of 400 () @ https://ib.adnxs.com/prebid/setuid?bidder=connectad&gdpr=0&gdpr_consent=&f=i&uid=82d70063-2ef5-4972-a6c7-4c3d4302583f:0
[  135275ms] [ERROR] Failed to load resource: net::ERR_NAME_NOT_RESOLVED @ https://sync.search.spotxchange.com/partner?adv_id=7715&uid=7798995228319568304:0
[  152769ms] [WARNING] The resource https://listing-images.autoscout24.ch/676/20201676/467455419.jpg?w=660&q=90 was preloaded using link preload but not used within a few seconds from the window's load event. Please make sure it has an appropriate `as` value and it is preloaded intentionally. @ https://www.autoscout24.ch/fr/d/20234548/gallery?slide=5:0
